Using pre-set license
Built from '2022.3/staging' branch; Version is '2022.3.43f1 (85497d293fa1) revision 8735101'; Using compiler version '192829333'; Build Type 'Release'
OS: 'Windows 11  (10.0.22631) 64bit Professional' Language: 'en' Physical Memory: 32555 MB
BatchMode: 1, IsHumanControllingUs: 0, StartBugReporterOnCrash: 0, Is64bit: 1, IsPro: 1

COMMAND LINE ARGUMENTS:
C:\Program Files\Unity\Hub\Editor\2022.3.43f1\Editor\Unity.exe
-adb2
-batchMode
-noUpm
-name
AssetImportWorker6
-projectPath
C:/Users/Dylan/Documents/GitHub/CS-4423/GS-FINAL
-logFile
Logs/AssetImportWorker6.log
-srvPort
50079
Successfully changed project path to: C:/Users/Dylan/Documents/GitHub/CS-4423/GS-FINAL
C:/Users/Dylan/Documents/GitHub/CS-4423/GS-FINAL
[UnityMemory] Configuration Parameters - Can be set up in boot.config
    "memorysetup-bucket-allocator-granularity=16"
    "memorysetup-bucket-allocator-bucket-count=8"
    "memorysetup-bucket-allocator-block-size=33554432"
    "memorysetup-bucket-allocator-block-count=8"
    "memorysetup-main-allocator-block-size=16777216"
    "memorysetup-thread-allocator-block-size=16777216"
    "memorysetup-gfx-main-allocator-block-size=16777216"
    "memorysetup-gfx-thread-allocator-block-size=16777216"
    "memorysetup-cache-allocator-block-size=4194304"
    "memorysetup-typetree-allocator-block-size=2097152"
    "memorysetup-profiler-bucket-allocator-granularity=16"
    "memorysetup-profiler-bucket-allocator-bucket-count=8"
    "memorysetup-profiler-bucket-allocator-block-size=33554432"
    "memorysetup-profiler-bucket-allocator-block-count=8"
    "memorysetup-profiler-allocator-block-size=16777216"
    "memorysetup-profiler-editor-allocator-block-size=1048576"
    "memorysetup-temp-allocator-size-main=16777216"
    "memorysetup-job-temp-allocator-block-size=2097152"
    "memorysetup-job-temp-allocator-block-size-background=1048576"
    "memorysetup-job-temp-allocator-reduction-small-platforms=262144"
    "memorysetup-allocator-temp-initial-block-size-main=262144"
    "memorysetup-allocator-temp-initial-block-size-worker=262144"
    "memorysetup-temp-allocator-size-background-worker=32768"
    "memorysetup-temp-allocator-size-job-worker=262144"
    "memorysetup-temp-allocator-size-preload-manager=33554432"
    "memorysetup-temp-allocator-size-nav-mesh-worker=65536"
    "memorysetup-temp-allocator-size-audio-worker=65536"
    "memorysetup-temp-allocator-size-cloud-worker=32768"
    "memorysetup-temp-allocator-size-gi-baking-worker=262144"
    "memorysetup-temp-allocator-size-gfx=262144"
Player connection [18352]  Target information:

Player connection [18352]  * "[IP] 192.168.86.111 [Port] 0 [Flags] 2 [Guid] 2803724999 [EditorId] 2803724999 [Version] 1048832 [Id] WindowsEditor(7,DESKTOP-ERJDVS7) [Debug] 1 [PackageName] WindowsEditor [ProjectName] Editor" 

Player connection [18352] Host joined multi-casting on [225.0.0.222:54997]...
Player connection [18352] Host joined alternative multi-casting on [225.0.0.222:34997]...
[PhysX] Initialized MultithreadedTaskDispatcher with 20 workers.
Refreshing native plugins compatible for Editor in 12.57 ms, found 6 plugins.
Preloading 0 native plugins for Editor in 0.00 ms.
Initialize engine version: 2022.3.43f1 (85497d293fa1)
[Subsystems] Discovering subsystems at path C:/Program Files/Unity/Hub/Editor/2022.3.43f1/Editor/Data/Resources/UnitySubsystems
[Subsystems] Discovering subsystems at path C:/Users/Dylan/Documents/GitHub/CS-4423/GS-FINAL/Assets
GfxDevice: creating device client; threaded=0; jobified=0
Direct3D:
    Version:  Direct3D 11.0 [level 11.1]
    Renderer: AMD Radeon RX 6750 XT (ID=0x73df)
    Vendor:   ATI
    VRAM:     12223 MB
    Driver:   32.0.12019.1028
Initialize mono
Mono path[0] = 'C:/Program Files/Unity/Hub/Editor/2022.3.43f1/Editor/Data/Managed'
Mono path[1] = 'C:/Program Files/Unity/Hub/Editor/2022.3.43f1/Editor/Data/MonoBleedingEdge/lib/mono/unityjit-win32'
Mono config path = 'C:/Program Files/Unity/Hub/Editor/2022.3.43f1/Editor/Data/MonoBleedingEdge/etc'
Using monoOptions --debugger-agent=transport=dt_socket,embedding=1,server=y,suspend=n,address=127.0.0.1:56664
Begin MonoManager ReloadAssembly
Registering precompiled unity dll's ...
Register platform support module: C:/Program Files/Unity/Hub/Editor/2022.3.43f1/Editor/Data/PlaybackEngines/WebGLSupport/UnityEditor.WebGL.Extensions.dll
Register platform support module: C:/Program Files/Unity/Hub/Editor/2022.3.43f1/Editor/Data/PlaybackEngines/WindowsStandaloneSupport/UnityEditor.WindowsStandalone.Extensions.dll
Register platform support module: C:/Program Files/Unity/Hub/Editor/2022.3.43f1/Editor/Data/PlaybackEngines/MetroSupport/UnityEditor.UWP.Extensions.dll
Registered in 0.010350 seconds.
- Loaded All Assemblies, in  0.285 seconds
Native extension for UWP target not found
Native extension for WindowsStandalone target not found
Native extension for WebGL target not found
Mono: successfully reloaded assembly
- Finished resetting the current domain, in  0.205 seconds
Domain Reload Profiling: 488ms
	BeginReloadAssembly (90ms)
		ExecutionOrderSort (0ms)
		DisableScriptedObjects (0ms)
		BackupInstance (0ms)
		ReleaseScriptingObjects (0ms)
		CreateAndSetChildDomain (1ms)
	RebuildCommonClasses (25ms)
	RebuildNativeTypeToScriptingClass (7ms)
	initialDomainReloadingComplete (50ms)
	LoadAllAssembliesAndSetupDomain (111ms)
		LoadAssemblies (89ms)
		RebuildTransferFunctionScriptingTraits (0ms)
		AnalyzeDomain (109ms)
			TypeCache.Refresh (108ms)
				TypeCache.ScanAssembly (97ms)
			ScanForSourceGeneratedMonoScriptInfo (0ms)
			ResolveRequiredComponents (0ms)
	FinalizeReload (206ms)
		ReleaseScriptCaches (0ms)
		RebuildScriptCaches (0ms)
		SetupLoadedEditorAssemblies (172ms)
			LogAssemblyErrors (0ms)
			InitializePlatformSupportModulesInManaged (8ms)
			SetLoadedEditorAssemblies (6ms)
			RefreshPlugins (0ms)
			BeforeProcessingInitializeOnLoad (1ms)
			ProcessInitializeOnLoadAttributes (119ms)
			ProcessInitializeOnLoadMethodAttributes (38ms)
			AfterProcessingInitializeOnLoad (0ms)
			EditorAssembliesLoaded (0ms)
		ExecutionOrderSort2 (0ms)
		AwakeInstancesAfterBackupRestoration (0ms)
Assembly reference Packages/com.unity.cinemachine/Editor/Samples/ExposeHDRPInternals/HDRP-Editor-ref.asmref has no target assembly definition
========================================================================
Worker process is ready to serve import requests
Caller must complete domain reload
Assembly reference Packages/com.unity.cinemachine/Editor/Samples/ExposeHDRPInternals/HDRP-Editor-ref.asmref has no target assembly definition
Begin MonoManager ReloadAssembly
Symbol file LoadedFromMemory is not a mono symbol file
- Loaded All Assemblies, in  0.849 seconds
Native extension for UWP target not found
Native extension for WindowsStandalone target not found
Native extension for WebGL target not found
Assembly reference Packages/com.unity.cinemachine/Editor/Samples/ExposeHDRPInternals/HDRP-Editor-ref.asmref has no target assembly definition
[MODES] ModeService[none].Initialize
[MODES] ModeService[none].LoadModes
[MODES] Loading mode Default (0) for mode-current-id-GS-FINAL
System.Exception: Error! Visual Scripting: couldn't find visual scripting package
  at Unity.VisualScripting.PackageVersionUtility.get_version () [0x00043] in .\Library\PackageCache\com.unity.visualscripting@1.9.4\Editor\VisualScripting.Core\Utilities\PackageVersionUtility.cs:31 
  at Unity.VisualScripting.BoltCoreManifest.get_version () [0x00000] in .\Library\PackageCache\com.unity.visualscripting@1.9.4\Editor\VisualScripting.Core\Plugin\BoltCoreManifest.cs:11 
  at Unity.VisualScripting.PluginManifest.get_currentVersion () [0x00000] in .\Library\PackageCache\com.unity.visualscripting@1.9.4\Editor\VisualScripting.Core\Plugins\PluginManifest.cs:33 
  at Unity.VisualScripting.PluginManifest.get_versionMismatch () [0x00000] in .\Library\PackageCache\com.unity.visualscripting@1.9.4\Editor\VisualScripting.Core\Plugins\PluginManifest.cs:48 
  at Unity.VisualScripting.PluginContainer.Initialize () [0x00525] in .\Library\PackageCache\com.unity.visualscripting@1.9.4\Editor\VisualScripting.Core\Plugins\PluginContainer.cs:208 
  at Unity.VisualScripting.PluginContainer.InitializeOnLoad () [0x00009] in .\Library\PackageCache\com.unity.visualscripting@1.9.4\Editor\VisualScripting.Core\Plugins\PluginContainer.cs:32 
  at Unity.VisualScripting.VSUsageUtility.DoInitializeOnLoadCalls () [0x00034] in .\Library\PackageCache\com.unity.visualscripting@1.9.4\Editor\VisualScripting.Core\Utilities\VSUsageUtility.cs:76 
  at Unity.VisualScripting.VSUsageUtility.set_isVisualScriptingUsed (System.Boolean value) [0x0002c] in .\Library\PackageCache\com.unity.visualscripting@1.9.4\Editor\VisualScripting.Core\Utilities\VSUsageUtility.cs:114 
  at Unity.VisualScripting.VSUsageUtility.CheckAndSetIsVisualScriptingUsed () [0x00032] in .\Library\PackageCache\com.unity.visualscripting@1.9.4\Editor\VisualScripting.Core\Utilities\VSUsageUtility.cs:48 
  at Unity.VisualScripting.VSUsageUtility..cctor () [0x00000] in .\Library\PackageCache\com.unity.visualscripting@1.9.4\Editor\VisualScripting.Core\Utilities\VSUsageUtility.cs:22 
UnityEngine.StackTraceUtility:ExtractStackTrace ()
UnityEngine.DebugLogHandler:LogFormat (UnityEngine.LogType,UnityEngine.Object,string,object[])
UnityEngine.Logger:Log (UnityEngine.LogType,object)
UnityEngine.Debug:LogError (object)
UnityEditor.EditorAssemblies:ProcessInitializeOnLoadAttributes (System.Type[])

Package Manager log level set to [2]
[Package Manager] Server::EnsureServerProcessIsRunning -- launch failed, reason: Unity was launched with the -noUpm command-line argument
[Package Manager] UpmClient::Send -- Unable to send message (not connected to UPM process).
[Package Manager] Cannot connect to Unity Package Manager local server
[Package Manager] Server::EnsureServerProcessIsRunning -- launch failed, reason: Unity was launched with the -noUpm command-line argument
[Package Manager] UpmClient::Send -- Unable to send message (not connected to UPM process).
[Package Manager] Cannot connect to Unity Package Manager local server
Mono: successfully reloaded assembly
- Finished resetting the current domain, in  1.148 seconds
Domain Reload Profiling: 1992ms
	BeginReloadAssembly (117ms)
		ExecutionOrderSort (0ms)
		DisableScriptedObjects (4ms)
		BackupInstance (0ms)
		ReleaseScriptingObjects (0ms)
		CreateAndSetChildDomain (19ms)
	RebuildCommonClasses (24ms)
	RebuildNativeTypeToScriptingClass (7ms)
	initialDomainReloadingComplete (34ms)
	LoadAllAssembliesAndSetupDomain (660ms)
		LoadAssemblies (375ms)
		RebuildTransferFunctionScriptingTraits (0ms)
		AnalyzeDomain (354ms)
			TypeCache.Refresh (294ms)
				TypeCache.ScanAssembly (267ms)
			ScanForSourceGeneratedMonoScriptInfo (48ms)
			ResolveRequiredComponents (11ms)
	FinalizeReload (1149ms)
		ReleaseScriptCaches (0ms)
		RebuildScriptCaches (0ms)
		SetupLoadedEditorAssemblies (998ms)
			LogAssemblyErrors (0ms)
			InitializePlatformSupportModulesInManaged (6ms)
			SetLoadedEditorAssemblies (3ms)
			RefreshPlugins (0ms)
			BeforeProcessingInitializeOnLoad (83ms)
			ProcessInitializeOnLoadAttributes (832ms)
			ProcessInitializeOnLoadMethodAttributes (68ms)
			AfterProcessingInitializeOnLoad (5ms)
			EditorAssembliesLoaded (0ms)
		ExecutionOrderSort2 (0ms)
		AwakeInstancesAfterBackupRestoration (7ms)
Launched and connected shader compiler UnityShaderCompiler.exe after 0.05 seconds
Refreshing native plugins compatible for Editor in 5.12 ms, found 6 plugins.
Preloading 0 native plugins for Editor in 0.00 ms.
Unloading 8467 Unused Serialized files (Serialized files now loaded: 0)
Unloading 80 unused Assets / (3.8 MB). Loaded Objects now: 8955.
Memory consumption went from 402.5 MB to 398.7 MB.
Total: 12.174700 ms (FindLiveObjects: 0.595600 ms CreateObjectMapping: 0.350100 ms MarkObjects: 10.535400 ms  DeleteObjects: 0.692200 ms)

AssetImportParameters requested are different than current active one (requested -> active):
  custom:container-demuxer-ogg: 62fdf1f143b41e24485cea50d1cbac27 -> 
  custom:framework-win-MediaFoundation: 216162199b28c13a410421893ffa2e32 -> 
  custom:container-muxer-webm: aa71ff27fc2769a1b78a27578f13a17b -> 
  custom:video-decoder-webm-vp8: 9c59270c3fd7afecdb556c50c9e8de78 -> 
  custom:SearchIndexIgnoredProperties: e643bd26f0fe6173181afceb89e7c659 -> 
  custom:AudioImporter_EditorPlatform: d09bf68614088b80899f8185d706f6e7 -> 
  custom:audio-decoder-ogg-vorbis: bf7c407c2cedff20999df2af8eb42d56 -> 
  custom:audio-encoder-webm-vorbis: bf7c407c2cedff20999df2af8eb42d56 -> 
  custom:video-codec-MediaFoundation-h265: 746d11721c4dcdbdad8f713fa42b33f4 -> 
  custom:video-decoder-ogg-theora: a1e56fd34408186e4bbccfd4996cb3dc -> 
  custom:CustomObjectIndexerAttribute: 3ead1caaecf1c488f20bcfeb224b6af5 -> 
  custom:container-demuxer-webm: 4f35f7cbe854078d1ac9338744f61a02 -> 
  custom:video-encoder-webm-vp8: eb34c28f22e8b96e1ab97ce403110664 -> 
========================================================================
Received Import Request.
  Time since last request: 22002.331169 seconds.
  path: Assets/Art/Shaders
  artifactKey: Guid(72ca5675417f1504db9dbfa056727038) Importer(815301076,1909f56bfc062723c751e8b465ee728b)
Start importing Assets/Art/Shaders using Guid(72ca5675417f1504db9dbfa056727038) Importer(815301076,1909f56bfc062723c751e8b465ee728b) [PhysX] Initialized MultithreadedTaskDispatcher with 20 workers.
 -> (artifact id: '8082fe85ab99a5b48c805c25ab4643cf') in 0.002290 seconds
Number of updated asset objects reloaded before import = 0
Number of asset objects unloaded after import = 0
========================================================================
Received Import Request.
  Time since last request: 19.441272 seconds.
  path: Assets/Art/Shaders/New Shader Graph.shadergraph
  artifactKey: Guid(4ca465eacdef1bb4da097d82dc1e7ae0) Importer(815301076,1909f56bfc062723c751e8b465ee728b)
Start importing Assets/Art/Shaders/New Shader Graph.shadergraph using Guid(4ca465eacdef1bb4da097d82dc1e7ae0) Importer(815301076,1909f56bfc062723c751e8b465ee728b) [PhysX] Initialized MultithreadedTaskDispatcher with 20 workers.
[PhysX] Initialized MultithreadedTaskDispatcher with 20 workers.
 -> (artifact id: 'e5ae9f5ffc624002c007f266656af097') in 0.073020 seconds
Number of updated asset objects reloaded before import = 0
Number of asset objects unloaded after import = 2
========================================================================
Received Import Request.
  Time since last request: 8.634042 seconds.
  path: Assets/Art/Shaders/RetroCustomEffect.shadergraph
  artifactKey: Guid(4ca465eacdef1bb4da097d82dc1e7ae0) Importer(815301076,1909f56bfc062723c751e8b465ee728b)
Start importing Assets/Art/Shaders/RetroCustomEffect.shadergraph using Guid(4ca465eacdef1bb4da097d82dc1e7ae0) Importer(815301076,1909f56bfc062723c751e8b465ee728b) [PhysX] Initialized MultithreadedTaskDispatcher with 20 workers.
[PhysX] Initialized MultithreadedTaskDispatcher with 20 workers.
 -> (artifact id: 'fd80b1303d7d82e78aaee47717645a3b') in 0.005608 seconds
Number of updated asset objects reloaded before import = 0
Number of asset objects unloaded after import = 2
========================================================================
Received Import Request.
  Time since last request: 373.471447 seconds.
  path: Assets/Art/Shaders/RetroCustomEffect.shadergraph
  artifactKey: Guid(4ca465eacdef1bb4da097d82dc1e7ae0) Importer(815301076,1909f56bfc062723c751e8b465ee728b)
Start importing Assets/Art/Shaders/RetroCustomEffect.shadergraph using Guid(4ca465eacdef1bb4da097d82dc1e7ae0) Importer(815301076,1909f56bfc062723c751e8b465ee728b) [PhysX] Initialized MultithreadedTaskDispatcher with 20 workers.
[PhysX] Initialized MultithreadedTaskDispatcher with 20 workers.
 -> (artifact id: 'b51850f1b4b1ed463f776fd5fc751d02') in 0.008400 seconds
Number of updated asset objects reloaded before import = 0
Number of asset objects unloaded after import = 2
========================================================================
Received Import Request.
  Time since last request: 25.589900 seconds.
  path: Assets/Art/Shaders/Dither.mat
  artifactKey: Guid(c3f1f987a4cd3284e86aab3ae86d427c) Importer(815301076,1909f56bfc062723c751e8b465ee728b)
Start importing Assets/Art/Shaders/Dither.mat using Guid(c3f1f987a4cd3284e86aab3ae86d427c) Importer(815301076,1909f56bfc062723c751e8b465ee728b) [PhysX] Initialized MultithreadedTaskDispatcher with 20 workers.
[PhysX] Initialized MultithreadedTaskDispatcher with 20 workers.
 -> (artifact id: '978bc83da47f9784b6480ee973083c48') in 0.008797 seconds
Number of updated asset objects reloaded before import = 0
Number of asset objects unloaded after import = 2
========================================================================
Received Import Request.
  Time since last request: 270.551984 seconds.
  path: Assets/SyntyStudios/PolygonKnights
  artifactKey: Guid(ac6578e844140674e8c14fa859b26b6c) Importer(815301076,1909f56bfc062723c751e8b465ee728b)
Start importing Assets/SyntyStudios/PolygonKnights using Guid(ac6578e844140674e8c14fa859b26b6c) Importer(815301076,1909f56bfc062723c751e8b465ee728b) [PhysX] Initialized MultithreadedTaskDispatcher with 20 workers.
 -> (artifact id: '0722530e2721123c3371736d362bebf5') in 0.000768 seconds
Number of updated asset objects reloaded before import = 0
Number of asset objects unloaded after import = 0
========================================================================
Received Import Request.
  Time since last request: 14.664611 seconds.
  path: Assets/SyntyStudios/PolygonStarter
  artifactKey: Guid(f6ca81ec5b1b33d43aca44146e599011) Importer(815301076,1909f56bfc062723c751e8b465ee728b)
Start importing Assets/SyntyStudios/PolygonStarter using Guid(f6ca81ec5b1b33d43aca44146e599011) Importer(815301076,1909f56bfc062723c751e8b465ee728b) [PhysX] Initialized MultithreadedTaskDispatcher with 20 workers.
 -> (artifact id: '89739957d274cb2802f0a0b65d31db00') in 0.000856 seconds
Number of updated asset objects reloaded before import = 0
Number of asset objects unloaded after import = 0
========================================================================
Received Import Request.
  Time since last request: 1.825524 seconds.
  path: Assets/SyntyStudios/PolygonStarter/Scenes
  artifactKey: Guid(6ad88594784deec4d9fdf2dd3a933faf) Importer(815301076,1909f56bfc062723c751e8b465ee728b)
Start importing Assets/SyntyStudios/PolygonStarter/Scenes using Guid(6ad88594784deec4d9fdf2dd3a933faf) Importer(815301076,1909f56bfc062723c751e8b465ee728b) [PhysX] Initialized MultithreadedTaskDispatcher with 20 workers.
 -> (artifact id: 'ce17e888473e0d0859de0c4e054d1632') in 0.000401 seconds
Number of updated asset objects reloaded before import = 0
Number of asset objects unloaded after import = 0
========================================================================
Received Import Request.
  Time since last request: 1.092891 seconds.
  path: Assets/SyntyStudios/PolygonStarter/Textures
  artifactKey: Guid(79e36706a513965488c1ead917abf85b) Importer(815301076,1909f56bfc062723c751e8b465ee728b)
Start importing Assets/SyntyStudios/PolygonStarter/Textures using Guid(79e36706a513965488c1ead917abf85b) Importer(815301076,1909f56bfc062723c751e8b465ee728b) [PhysX] Initialized MultithreadedTaskDispatcher with 20 workers.
 -> (artifact id: '71b4c58315c3cfbd242608916266338b') in 0.000507 seconds
Number of updated asset objects reloaded before import = 0
Number of asset objects unloaded after import = 0
========================================================================
Received Import Request.
  Time since last request: 0.069741 seconds.
  path: Assets/SyntyStudios/PolygonStarter/Textures/Polygon_Plane_Texture_01.png
  artifactKey: Guid(a969091ee1740c3469cc70c44c3caa60) Importer(815301076,1909f56bfc062723c751e8b465ee728b)
Start importing Assets/SyntyStudios/PolygonStarter/Textures/Polygon_Plane_Texture_01.png using Guid(a969091ee1740c3469cc70c44c3caa60) Importer(815301076,1909f56bfc062723c751e8b465ee728b) [PhysX] Initialized MultithreadedTaskDispatcher with 20 workers.
[PhysX] Initialized MultithreadedTaskDispatcher with 20 workers.
 -> (artifact id: 'b5dae05314a0cbd8e872e7201fb085c3') in 0.024982 seconds
Number of updated asset objects reloaded before import = 0
Number of asset objects unloaded after import = 2
========================================================================
Received Import Request.
  Time since last request: 0.086389 seconds.
  path: Assets/SyntyStudios/PolygonStarter/Textures/PolygonStarter_Texture_01.png
  artifactKey: Guid(6cf54faba48b51c45af7d22ca798531f) Importer(815301076,1909f56bfc062723c751e8b465ee728b)
Start importing Assets/SyntyStudios/PolygonStarter/Textures/PolygonStarter_Texture_01.png using Guid(6cf54faba48b51c45af7d22ca798531f) Importer(815301076,1909f56bfc062723c751e8b465ee728b) [PhysX] Initialized MultithreadedTaskDispatcher with 20 workers.
[PhysX] Initialized MultithreadedTaskDispatcher with 20 workers.
 -> (artifact id: 'd4b62d635b7398ddfbaa2cf3fa14b9e3') in 0.007570 seconds
Number of updated asset objects reloaded before import = 0
Number of asset objects unloaded after import = 2
========================================================================
Received Import Request.
  Time since last request: 0.005053 seconds.
  path: Assets/SyntyStudios/PolygonStarter/Textures/PolygonStarter_Texture_02.png
  artifactKey: Guid(1ef3316ad51610e4ea3782e70ea9be4a) Importer(815301076,1909f56bfc062723c751e8b465ee728b)
Start importing Assets/SyntyStudios/PolygonStarter/Textures/PolygonStarter_Texture_02.png using Guid(1ef3316ad51610e4ea3782e70ea9be4a) Importer(815301076,1909f56bfc062723c751e8b465ee728b) [PhysX] Initialized MultithreadedTaskDispatcher with 20 workers.
[PhysX] Initialized MultithreadedTaskDispatcher with 20 workers.
 -> (artifact id: 'abf420413639cf361fd88d453698ae1c') in 0.008162 seconds
Number of updated asset objects reloaded before import = 0
Number of asset objects unloaded after import = 2
========================================================================
Received Import Request.
  Time since last request: 0.000057 seconds.
  path: Assets/SyntyStudios/PolygonStarter/Textures/Simple_Sky_Texture_01.png
  artifactKey: Guid(a073e30cf8f3cab47b5cf5aa2df423f3) Importer(815301076,1909f56bfc062723c751e8b465ee728b)
Start importing Assets/SyntyStudios/PolygonStarter/Textures/Simple_Sky_Texture_01.png using Guid(a073e30cf8f3cab47b5cf5aa2df423f3) Importer(815301076,1909f56bfc062723c751e8b465ee728b) [PhysX] Initialized MultithreadedTaskDispatcher with 20 workers.
[PhysX] Initialized MultithreadedTaskDispatcher with 20 workers.
 -> (artifact id: '64f8c45120006e69427903f9087ae68e') in 0.007150 seconds
Number of updated asset objects reloaded before import = 0
Number of asset objects unloaded after import = 2
========================================================================
Received Import Request.
  Time since last request: 0.000026 seconds.
  path: Assets/SyntyStudios/PolygonStarter/Textures/PolygonStarter_Texture_04.png
  artifactKey: Guid(051364296435f87449810911a2f9c4e8) Importer(815301076,1909f56bfc062723c751e8b465ee728b)
Start importing Assets/SyntyStudios/PolygonStarter/Textures/PolygonStarter_Texture_04.png using Guid(051364296435f87449810911a2f9c4e8) Importer(815301076,1909f56bfc062723c751e8b465ee728b) [PhysX] Initialized MultithreadedTaskDispatcher with 20 workers.
[PhysX] Initialized MultithreadedTaskDispatcher with 20 workers.
 -> (artifact id: '278cfdae5899cb773c6866c22c2c4593') in 0.007052 seconds
Number of updated asset objects reloaded before import = 0
Number of asset objects unloaded after import = 2
========================================================================
Received Import Request.
  Time since last request: 1.359980 seconds.
  path: Assets/SyntyStudios/PolygonStarter/Prefabs
  artifactKey: Guid(4a76af20b1decd340896c06c996c2044) Importer(815301076,1909f56bfc062723c751e8b465ee728b)
Start importing Assets/SyntyStudios/PolygonStarter/Prefabs using Guid(4a76af20b1decd340896c06c996c2044) Importer(815301076,1909f56bfc062723c751e8b465ee728b) [PhysX] Initialized MultithreadedTaskDispatcher with 20 workers.
 -> (artifact id: '1eeb0239e1414471d166b3877a293fbe') in 0.000878 seconds
Number of updated asset objects reloaded before import = 0
Number of asset objects unloaded after import = 0
========================================================================
Received Import Request.
  Time since last request: 0.066963 seconds.
  path: Assets/SyntyStudios/PolygonStarter/Prefabs/SM_Bld_Door_01.prefab
  artifactKey: Guid(6d34f074083a0dc4d9798f703bad35de) Importer(815301076,1909f56bfc062723c751e8b465ee728b)
Start importing Assets/SyntyStudios/PolygonStarter/Prefabs/SM_Bld_Door_01.prefab using Guid(6d34f074083a0dc4d9798f703bad35de) Importer(815301076,1909f56bfc062723c751e8b465ee728b) [PhysX] Initialized MultithreadedTaskDispatcher with 20 workers.
[PhysX] Initialized MultithreadedTaskDispatcher with 20 workers.
 -> (artifact id: '20a68347a697f241b7795a24fc4e04a9') in 0.025546 seconds
Number of updated asset objects reloaded before import = 0
Number of asset objects unloaded after import = 10
========================================================================
Received Import Request.
  Time since last request: 0.000013 seconds.
  path: Assets/SyntyStudios/PolygonStarter/Prefabs/SM_Generic_Mountains_Grass_02.prefab
  artifactKey: Guid(d2201b576d0da384fb8f681e57559ea8) Importer(815301076,1909f56bfc062723c751e8b465ee728b)
Start importing Assets/SyntyStudios/PolygonStarter/Prefabs/SM_Generic_Mountains_Grass_02.prefab using Guid(d2201b576d0da384fb8f681e57559ea8) Importer(815301076,1909f56bfc062723c751e8b465ee728b) [PhysX] Initialized MultithreadedTaskDispatcher with 20 workers.
[PhysX] Initialized MultithreadedTaskDispatcher with 20 workers.
 -> (artifact id: 'ed6db2cd663c7e3f3f93c60f5a7a69d4') in 0.006499 seconds
Number of updated asset objects reloaded before import = 0
Number of asset objects unloaded after import = 10
========================================================================
Received Import Request.
  Time since last request: 0.000013 seconds.
  path: Assets/SyntyStudios/PolygonStarter/Prefabs/SM_PolygonApocalypse_Bld_House_01.prefab
  artifactKey: Guid(09135c03210603f42b4207ff66b56781) Importer(815301076,1909f56bfc062723c751e8b465ee728b)
Start importing Assets/SyntyStudios/PolygonStarter/Prefabs/SM_PolygonApocalypse_Bld_House_01.prefab using Guid(09135c03210603f42b4207ff66b56781) Importer(815301076,1909f56bfc062723c751e8b465ee728b) [PhysX] Initialized MultithreadedTaskDispatcher with 20 workers.
[PhysX] Initialized MultithreadedTaskDispatcher with 20 workers.
 -> (artifact id: '4f35ded74f95572ba575dc0ef948dfee') in 0.010464 seconds
Number of updated asset objects reloaded before import = 0
Number of asset objects unloaded after import = 11
========================================================================
Received Import Request.
  Time since last request: 0.000025 seconds.
  path: Assets/SyntyStudios/PolygonStarter/Prefabs/SM_PolygonPrototype_Primitive_Sphere_01P.prefab
  artifactKey: Guid(296b6c6ad62626c48aef7fa6c5e2a9a8) Importer(815301076,1909f56bfc062723c751e8b465ee728b)
Start importing Assets/SyntyStudios/PolygonStarter/Prefabs/SM_PolygonPrototype_Primitive_Sphere_01P.prefab using Guid(296b6c6ad62626c48aef7fa6c5e2a9a8) Importer(815301076,1909f56bfc062723c751e8b465ee728b) [PhysX] Initialized MultithreadedTaskDispatcher with 20 workers.
[PhysX] Initialized MultithreadedTaskDispatcher with 20 workers.
 -> (artifact id: '5a0f90e5589cfb6edc5cc6b82d1bbbf8') in 0.008453 seconds
Number of updated asset objects reloaded before import = 0
Number of asset objects unloaded after import = 10
========================================================================
Received Import Request.
  Time since last request: 0.000025 seconds.
  path: Assets/SyntyStudios/PolygonStarter/Prefabs/SM_PolygonPrototype_Icon_Coin_01.prefab
  artifactKey: Guid(160a6121b4d25254da31bdab63ad82b7) Importer(815301076,1909f56bfc062723c751e8b465ee728b)
Start importing Assets/SyntyStudios/PolygonStarter/Prefabs/SM_PolygonPrototype_Icon_Coin_01.prefab using Guid(160a6121b4d25254da31bdab63ad82b7) Importer(815301076,1909f56bfc062723c751e8b465ee728b) [PhysX] Initialized MultithreadedTaskDispatcher with 20 workers.
[PhysX] Initialized MultithreadedTaskDispatcher with 20 workers.
 -> (artifact id: '150e91956ec047572a0dc4fac0a8cd9e') in 0.008662 seconds
Number of updated asset objects reloaded before import = 0
Number of asset objects unloaded after import = 10
========================================================================
Received Import Request.
  Time since last request: 0.000023 seconds.
  path: Assets/SyntyStudios/PolygonStarter/Prefabs/SM_PolygonPrototype_Prop_Target_03.prefab
  artifactKey: Guid(e0d3f8289f60e1e49a5d66d5eb8582f3) Importer(815301076,1909f56bfc062723c751e8b465ee728b)
Start importing Assets/SyntyStudios/PolygonStarter/Prefabs/SM_PolygonPrototype_Prop_Target_03.prefab using Guid(e0d3f8289f60e1e49a5d66d5eb8582f3) Importer(815301076,1909f56bfc062723c751e8b465ee728b) [PhysX] Initialized MultithreadedTaskDispatcher with 20 workers.
[PhysX] Initialized MultithreadedTaskDispatcher with 20 workers.
 -> (artifact id: 'dd47854049138f664ea568c012fa1e56') in 0.008492 seconds
Number of updated asset objects reloaded before import = 0
Number of asset objects unloaded after import = 10
========================================================================
Received Import Request.
  Time since last request: 0.000014 seconds.
  path: Assets/SyntyStudios/PolygonStarter/Prefabs/SM_PolygonPrototype_Buildings_Ramp_25_1x1_01P.prefab
  artifactKey: Guid(35b4129ac994d4e49a7699deb68ac65b) Importer(815301076,1909f56bfc062723c751e8b465ee728b)
Start importing Assets/SyntyStudios/PolygonStarter/Prefabs/SM_PolygonPrototype_Buildings_Ramp_25_1x1_01P.prefab using Guid(35b4129ac994d4e49a7699deb68ac65b) Importer(815301076,1909f56bfc062723c751e8b465ee728b) [PhysX] Initialized MultithreadedTaskDispatcher with 20 workers.
[PhysX] Initialized MultithreadedTaskDispatcher with 20 workers.
 -> (artifact id: '03e465ae76f019f51b2fb23312dba7eb') in 0.008811 seconds
Number of updated asset objects reloaded before import = 0
Number of asset objects unloaded after import = 10
========================================================================
Received Import Request.
  Time since last request: 0.000014 seconds.
  path: Assets/SyntyStudios/PolygonStarter/Prefabs/SM_Veh_Plane_Stunt_01.prefab
  artifactKey: Guid(bbea6872df405a045862b0d1f277c5ac) Importer(815301076,1909f56bfc062723c751e8b465ee728b)
Start importing Assets/SyntyStudios/PolygonStarter/Prefabs/SM_Veh_Plane_Stunt_01.prefab using Guid(bbea6872df405a045862b0d1f277c5ac) Importer(815301076,1909f56bfc062723c751e8b465ee728b) [PhysX] Initialized MultithreadedTaskDispatcher with 20 workers.
[PhysX] Initialized MultithreadedTaskDispatcher with 20 workers.
 -> (artifact id: '86113605dee129fa81b2b263c30d26bf') in 0.020376 seconds
Number of updated asset objects reloaded before import = 0
Number of asset objects unloaded after import = 72
========================================================================
Received Import Request.
  Time since last request: 0.000018 seconds.
  path: Assets/SyntyStudios/PolygonStarter/Prefabs/SM_PolygonPrototype_Buildings_Block_1x1_01P.prefab
  artifactKey: Guid(bbc12ae2f967ec04e8c3c39eeb92733b) Importer(815301076,1909f56bfc062723c751e8b465ee728b)
Start importing Assets/SyntyStudios/PolygonStarter/Prefabs/SM_PolygonPrototype_Buildings_Block_1x1_01P.prefab using Guid(bbc12ae2f967ec04e8c3c39eeb92733b) Importer(815301076,1909f56bfc062723c751e8b465ee728b) [PhysX] Initialized MultithreadedTaskDispatcher with 20 workers.
[PhysX] Initialized MultithreadedTaskDispatcher with 20 workers.
 -> (artifact id: '6daad5c9872a05d391451fc81e367b7a') in 0.007805 seconds
Number of updated asset objects reloaded before import = 0
Number of asset objects unloaded after import = 10
========================================================================
Received Import Request.
  Time since last request: 0.000013 seconds.
  path: Assets/SyntyStudios/PolygonStarter/Prefabs/SM_PolygonPrototype_Buildings_Floor_1x1_01P.prefab
  artifactKey: Guid(af1ac26269830d347859c2c45ef72494) Importer(815301076,1909f56bfc062723c751e8b465ee728b)
Start importing Assets/SyntyStudios/PolygonStarter/Prefabs/SM_PolygonPrototype_Buildings_Floor_1x1_01P.prefab using Guid(af1ac26269830d347859c2c45ef72494) Importer(815301076,1909f56bfc062723c751e8b465ee728b) [PhysX] Initialized MultithreadedTaskDispatcher with 20 workers.
[PhysX] Initialized MultithreadedTaskDispatcher with 20 workers.
 -> (artifact id: 'e171a6295d2ff4faa95d7ddf1711d986') in 0.007083 seconds
Number of updated asset objects reloaded before import = 0
Number of asset objects unloaded after import = 10
========================================================================
Received Import Request.
  Time since last request: 0.000036 seconds.
  path: Assets/SyntyStudios/PolygonStarter/Prefabs/SM_Generic_Ground_01.prefab
  artifactKey: Guid(fb0131aa61eef7c4d95b2efaf17614ec) Importer(815301076,1909f56bfc062723c751e8b465ee728b)
Start importing Assets/SyntyStudios/PolygonStarter/Prefabs/SM_Generic_Ground_01.prefab using Guid(fb0131aa61eef7c4d95b2efaf17614ec) Importer(815301076,1909f56bfc062723c751e8b465ee728b) [PhysX] Initialized MultithreadedTaskDispatcher with 20 workers.
[PhysX] Initialized MultithreadedTaskDispatcher with 20 workers.
 -> (artifact id: '8ce0f7de9369228cc075a6c611ebab6d') in 0.008053 seconds
Number of updated asset objects reloaded before import = 0
Number of asset objects unloaded after import = 10
========================================================================
Received Import Request.
  Time since last request: 0.000020 seconds.
  path: Assets/SyntyStudios/PolygonStarter/Prefabs/SM_Generic_Ground_Flat_01.prefab
  artifactKey: Guid(e484c7ad7b1274b4c847940d3eb54d14) Importer(815301076,1909f56bfc062723c751e8b465ee728b)
Start importing Assets/SyntyStudios/PolygonStarter/Prefabs/SM_Generic_Ground_Flat_01.prefab using Guid(e484c7ad7b1274b4c847940d3eb54d14) Importer(815301076,1909f56bfc062723c751e8b465ee728b) [PhysX] Initialized MultithreadedTaskDispatcher with 20 workers.
[PhysX] Initialized MultithreadedTaskDispatcher with 20 workers.
 -> (artifact id: '043a4508e63781a7a4ab5c9d85331e02') in 0.009245 seconds
Number of updated asset objects reloaded before import = 0
Number of asset objects unloaded after import = 10
========================================================================
Received Import Request.
  Time since last request: 0.000017 seconds.
  path: Assets/SyntyStudios/PolygonStarter/Prefabs/SM_PolygonCity_Veh_Car_Small_01.prefab
  artifactKey: Guid(d6e2601c4f144db459adb4f5e7affc65) Importer(815301076,1909f56bfc062723c751e8b465ee728b)
Start importing Assets/SyntyStudios/PolygonStarter/Prefabs/SM_PolygonCity_Veh_Car_Small_01.prefab using Guid(d6e2601c4f144db459adb4f5e7affc65) Importer(815301076,1909f56bfc062723c751e8b465ee728b) [PhysX] Initialized MultithreadedTaskDispatcher with 20 workers.
[PhysX] Initialized MultithreadedTaskDispatcher with 20 workers.
 -> (artifact id: '43f6be4d31d0c5931a25581a5483fc4a') in 0.009478 seconds
Number of updated asset objects reloaded before import = 0
Number of asset objects unloaded after import = 50
========================================================================
Received Import Request.
  Time since last request: 0.000021 seconds.
  path: Assets/SyntyStudios/PolygonStarter/Prefabs/SM_PolygonPrototype_Buildings_DoorFrame_01P.prefab
  artifactKey: Guid(4a0ab548b1b39cf4b8b48726d5f4fbfe) Importer(815301076,1909f56bfc062723c751e8b465ee728b)
Start importing Assets/SyntyStudios/PolygonStarter/Prefabs/SM_PolygonPrototype_Buildings_DoorFrame_01P.prefab using Guid(4a0ab548b1b39cf4b8b48726d5f4fbfe) Importer(815301076,1909f56bfc062723c751e8b465ee728b) [PhysX] Initialized MultithreadedTaskDispatcher with 20 workers.
[PhysX] Initialized MultithreadedTaskDispatcher with 20 workers.
 -> (artifact id: '399cbc941f37f133c8d81dfeca90bdb8') in 0.008550 seconds
Number of updated asset objects reloaded before import = 0
Number of asset objects unloaded after import = 9
========================================================================
Received Import Request.
  Time since last request: 0.000016 seconds.
  path: Assets/SyntyStudios/PolygonStarter/Prefabs/SM_PolygonPrototype_Buildings_WallDoor_2x3_01P.prefab
  artifactKey: Guid(dc7c84106cc461e4f8dac748879dbe72) Importer(815301076,1909f56bfc062723c751e8b465ee728b)
Start importing Assets/SyntyStudios/PolygonStarter/Prefabs/SM_PolygonPrototype_Buildings_WallDoor_2x3_01P.prefab using Guid(dc7c84106cc461e4f8dac748879dbe72) Importer(815301076,1909f56bfc062723c751e8b465ee728b) [PhysX] Initialized MultithreadedTaskDispatcher with 20 workers.
[PhysX] Initialized MultithreadedTaskDispatcher with 20 workers.
 -> (artifact id: '2f1f234cdd766390b08a07881871f7c4') in 0.009552 seconds
Number of updated asset objects reloaded before import = 0
Number of asset objects unloaded after import = 11
========================================================================
Received Import Request.
  Time since last request: 0.000013 seconds.
  path: Assets/SyntyStudios/PolygonStarter/Prefabs/SM_PolygonPrototype_Prop_Ladder_1x2_01P.prefab
  artifactKey: Guid(807bf6650795ad04395313d04ebe88c5) Importer(815301076,1909f56bfc062723c751e8b465ee728b)
Start importing Assets/SyntyStudios/PolygonStarter/Prefabs/SM_PolygonPrototype_Prop_Ladder_1x2_01P.prefab using Guid(807bf6650795ad04395313d04ebe88c5) Importer(815301076,1909f56bfc062723c751e8b465ee728b) [PhysX] Initialized MultithreadedTaskDispatcher with 20 workers.
[PhysX] Initialized MultithreadedTaskDispatcher with 20 workers.
 -> (artifact id: '261e1914cd068d220cad39fc68e3710f') in 0.007830 seconds
Number of updated asset objects reloaded before import = 0
Number of asset objects unloaded after import = 10
========================================================================
Received Import Request.
  Time since last request: 0.000036 seconds.
  path: Assets/SyntyStudios/PolygonStarter/Prefabs/SM_PolygonPrototype_Prop_Sword_01.prefab
  artifactKey: Guid(1eb47ee7fb4e0224482d77ed61559671) Importer(815301076,1909f56bfc062723c751e8b465ee728b)
Start importing Assets/SyntyStudios/PolygonStarter/Prefabs/SM_PolygonPrototype_Prop_Sword_01.prefab using Guid(1eb47ee7fb4e0224482d77ed61559671) Importer(815301076,1909f56bfc062723c751e8b465ee728b) [PhysX] Initialized MultithreadedTaskDispatcher with 20 workers.
[PhysX] Initialized MultithreadedTaskDispatcher with 20 workers.
 -> (artifact id: '6810a87c07b8387c31266db0c83d3150') in 0.008357 seconds
Number of updated asset objects reloaded before import = 0
Number of asset objects unloaded after import = 10
========================================================================
Received Import Request.
  Time since last request: 0.000025 seconds.
  path: Assets/SyntyStudios/PolygonStarter/Prefabs/SM_PolygonPrototype_Buildings_Column_2x3_01P.prefab
  artifactKey: Guid(a2e435ea5b0f606429670d1f3f1f1504) Importer(815301076,1909f56bfc062723c751e8b465ee728b)
Start importing Assets/SyntyStudios/PolygonStarter/Prefabs/SM_PolygonPrototype_Buildings_Column_2x3_01P.prefab using Guid(a2e435ea5b0f606429670d1f3f1f1504) Importer(815301076,1909f56bfc062723c751e8b465ee728b) [PhysX] Initialized MultithreadedTaskDispatcher with 20 workers.
[PhysX] Initialized MultithreadedTaskDispatcher with 20 workers.
 -> (artifact id: '40a8ed5d44b351e4274f021e151a2e86') in 0.009150 seconds
Number of updated asset objects reloaded before import = 0
Number of asset objects unloaded after import = 10
========================================================================
Received Import Request.
  Time since last request: 0.000021 seconds.
  path: Assets/SyntyStudios/PolygonStarter/Prefabs/SM_Generic_Ground_03.prefab
  artifactKey: Guid(03b298e339be8c8428fc06f3fc1d627a) Importer(815301076,1909f56bfc062723c751e8b465ee728b)
Start importing Assets/SyntyStudios/PolygonStarter/Prefabs/SM_Generic_Ground_03.prefab using Guid(03b298e339be8c8428fc06f3fc1d627a) Importer(815301076,1909f56bfc062723c751e8b465ee728b) [PhysX] Initialized MultithreadedTaskDispatcher with 20 workers.
[PhysX] Initialized MultithreadedTaskDispatcher with 20 workers.
 -> (artifact id: '3c5d720d788850b7c5cc33c08f8710bf') in 0.007407 seconds
Number of updated asset objects reloaded before import = 0
Number of asset objects unloaded after import = 10
========================================================================
Received Import Request.
  Time since last request: 0.000014 seconds.
  path: Assets/SyntyStudios/PolygonStarter/Prefabs/SM_Generic_Small_Rocks_05.prefab
  artifactKey: Guid(9c5ad4629ea7af7448f90e61ae1ea78d) Importer(815301076,1909f56bfc062723c751e8b465ee728b)
Start importing Assets/SyntyStudios/PolygonStarter/Prefabs/SM_Generic_Small_Rocks_05.prefab using Guid(9c5ad4629ea7af7448f90e61ae1ea78d) Importer(815301076,1909f56bfc062723c751e8b465ee728b) [PhysX] Initialized MultithreadedTaskDispatcher with 20 workers.
[PhysX] Initialized MultithreadedTaskDispatcher with 20 workers.
 -> (artifact id: '33527930ab06f68afb9054f43ed96bdd') in 0.008464 seconds
Number of updated asset objects reloaded before import = 0
Number of asset objects unloaded after import = 9
========================================================================
Received Import Request.
  Time since last request: 0.000017 seconds.
  path: Assets/SyntyStudios/PolygonStarter/Prefabs/SM_PolygonPrototype_Buildings_WallWindow_2x3_01P.prefab
  artifactKey: Guid(c65338a0f30f41c4681e41312190273d) Importer(815301076,1909f56bfc062723c751e8b465ee728b)
Start importing Assets/SyntyStudios/PolygonStarter/Prefabs/SM_PolygonPrototype_Buildings_WallWindow_2x3_01P.prefab using Guid(c65338a0f30f41c4681e41312190273d) Importer(815301076,1909f56bfc062723c751e8b465ee728b) [PhysX] Initialized MultithreadedTaskDispatcher with 20 workers.
[PhysX] Initialized MultithreadedTaskDispatcher with 20 workers.
 -> (artifact id: '5212cc9ed9334ed8734e696db48eee1d') in 0.009569 seconds
Number of updated asset objects reloaded before import = 0
Number of asset objects unloaded after import = 11
========================================================================
Received Import Request.
  Time since last request: 0.000014 seconds.
  path: Assets/SyntyStudios/PolygonStarter/Prefabs/SM_Generic_Tree_03.prefab
  artifactKey: Guid(56edbd376562e9544ab88753fd3c4682) Importer(815301076,1909f56bfc062723c751e8b465ee728b)
Start importing Assets/SyntyStudios/PolygonStarter/Prefabs/SM_Generic_Tree_03.prefab using Guid(56edbd376562e9544ab88753fd3c4682) Importer(815301076,1909f56bfc062723c751e8b465ee728b) [PhysX] Initialized MultithreadedTaskDispatcher with 20 workers.
[PhysX] Initialized MultithreadedTaskDispatcher with 20 workers.
 -> (artifact id: '1e51e0e01743d3fff35e6c308412c04a') in 0.006909 seconds
Number of updated asset objects reloaded before import = 0
Number of asset objects unloaded after import = 10
========================================================================
Received Import Request.
  Time since last request: 0.000015 seconds.
  path: Assets/SyntyStudios/PolygonStarter/Prefabs/SM_Wep_Shield_04.prefab
  artifactKey: Guid(90fb214880065ca44be9cb53bcbd6780) Importer(815301076,1909f56bfc062723c751e8b465ee728b)
Start importing Assets/SyntyStudios/PolygonStarter/Prefabs/SM_Wep_Shield_04.prefab using Guid(90fb214880065ca44be9cb53bcbd6780) Importer(815301076,1909f56bfc062723c751e8b465ee728b) [PhysX] Initialized MultithreadedTaskDispatcher with 20 workers.
[PhysX] Initialized MultithreadedTaskDispatcher with 20 workers.
 -> (artifact id: '9507424991ea906dc263c4b78d811327') in 0.008277 seconds
Number of updated asset objects reloaded before import = 0
Number of asset objects unloaded after import = 10
========================================================================
Received Import Request.
  Time since last request: 0.000013 seconds.
  path: Assets/SyntyStudios/PolygonStarter/Prefabs/SM_PolygonPrototype_Buildings_Stairs_1x1_01P.prefab
  artifactKey: Guid(f675c07d915406144ae3100b985c0abc) Importer(815301076,1909f56bfc062723c751e8b465ee728b)
Start importing Assets/SyntyStudios/PolygonStarter/Prefabs/SM_PolygonPrototype_Buildings_Stairs_1x1_01P.prefab using Guid(f675c07d915406144ae3100b985c0abc) Importer(815301076,1909f56bfc062723c751e8b465ee728b) [PhysX] Initialized MultithreadedTaskDispatcher with 20 workers.
[PhysX] Initialized MultithreadedTaskDispatcher with 20 workers.
 -> (artifact id: 'e5d2232b2952d7751966b40b7950b391') in 0.006590 seconds
Number of updated asset objects reloaded before import = 0
Number of asset objects unloaded after import = 10
========================================================================
Received Import Request.
  Time since last request: 0.000024 seconds.
  path: Assets/SyntyStudios/PolygonStarter/Prefabs/SM_PolygonPrototype_Buildings_Floor_5x5_01P.prefab
  artifactKey: Guid(9672218ecb324c240ae58e7a390701f2) Importer(815301076,1909f56bfc062723c751e8b465ee728b)
Start importing Assets/SyntyStudios/PolygonStarter/Prefabs/SM_PolygonPrototype_Buildings_Floor_5x5_01P.prefab using Guid(9672218ecb324c240ae58e7a390701f2) Importer(815301076,1909f56bfc062723c751e8b465ee728b) [PhysX] Initialized MultithreadedTaskDispatcher with 20 workers.
[PhysX] Initialized MultithreadedTaskDispatcher with 20 workers.
 -> (artifact id: '68927bc510cb037eb59455855245c430') in 0.007368 seconds
Number of updated asset objects reloaded before import = 0
Number of asset objects unloaded after import = 10
========================================================================
Received Import Request.
  Time since last request: 0.000063 seconds.
  path: Assets/SyntyStudios/PolygonStarter/Prefabs/SM_Generic_Mountains_Soft_01.prefab
  artifactKey: Guid(a114301c17a8f9d4e87a828e20f894a2) Importer(815301076,1909f56bfc062723c751e8b465ee728b)
Start importing Assets/SyntyStudios/PolygonStarter/Prefabs/SM_Generic_Mountains_Soft_01.prefab using Guid(a114301c17a8f9d4e87a828e20f894a2) Importer(815301076,1909f56bfc062723c751e8b465ee728b) [PhysX] Initialized MultithreadedTaskDispatcher with 20 workers.
[PhysX] Initialized MultithreadedTaskDispatcher with 20 workers.
 -> (artifact id: '1d27a3063be9e53cfc74c751996620c3') in 0.007336 seconds
Number of updated asset objects reloaded before import = 0
Number of asset objects unloaded after import = 10
========================================================================
Received Import Request.
  Time since last request: 0.000012 seconds.
  path: Assets/SyntyStudios/PolygonStarter/Prefabs/SM_Wep_WaterPistol_01.prefab
  artifactKey: Guid(c6865c562fd3f2841a92dc0cbbd6b4b4) Importer(815301076,1909f56bfc062723c751e8b465ee728b)
Start importing Assets/SyntyStudios/PolygonStarter/Prefabs/SM_Wep_WaterPistol_01.prefab using Guid(c6865c562fd3f2841a92dc0cbbd6b4b4) Importer(815301076,1909f56bfc062723c751e8b465ee728b) [PhysX] Initialized MultithreadedTaskDispatcher with 20 workers.
[PhysX] Initialized MultithreadedTaskDispatcher with 20 workers.
 -> (artifact id: 'ea6f83461d75b8e1a579b874317e5b38') in 0.006739 seconds
Number of updated asset objects reloaded before import = 0
Number of asset objects unloaded after import = 15
========================================================================
Received Import Request.
  Time since last request: 5.466515 seconds.
  path: Assets/SyntyStudios/PolygonStarter/Models/SM_Bean_Cop_01.fbx
  artifactKey: Guid(c89a73caf26194948b5a891401eaf18e) Importer(815301076,1909f56bfc062723c751e8b465ee728b)
Start importing Assets/SyntyStudios/PolygonStarter/Models/SM_Bean_Cop_01.fbx using Guid(c89a73caf26194948b5a891401eaf18e) Importer(815301076,1909f56bfc062723c751e8b465ee728b) [PhysX] Initialized MultithreadedTaskDispatcher with 20 workers.
[PhysX] Initialized MultithreadedTaskDispatcher with 20 workers.
[PhysX] Initialized MultithreadedTaskDispatcher with 20 workers.
 -> (artifact id: 'c7c338f11fc1c2efed8957097898dc3d') in 0.025400 seconds
Number of updated asset objects reloaded before import = 0
Number of asset objects unloaded after import = 7
========================================================================
Received Import Request.
  Time since last request: 0.000023 seconds.
  path: Assets/SyntyStudios/PolygonStarter/Models/SM_Generic_TreeStump_01.fbx
  artifactKey: Guid(a64981f2d6b07c146ace71b6804c1339) Importer(815301076,1909f56bfc062723c751e8b465ee728b)
Start importing Assets/SyntyStudios/PolygonStarter/Models/SM_Generic_TreeStump_01.fbx using Guid(a64981f2d6b07c146ace71b6804c1339) Importer(815301076,1909f56bfc062723c751e8b465ee728b) [PhysX] Initialized MultithreadedTaskDispatcher with 20 workers.
[PhysX] Initialized MultithreadedTaskDispatcher with 20 workers.
[PhysX] Initialized MultithreadedTaskDispatcher with 20 workers.
 -> (artifact id: '1d3a864877d052529bf5ae90c5ea98c0') in 0.010067 seconds
Number of updated asset objects reloaded before import = 0
Number of asset objects unloaded after import = 7
========================================================================
Received Import Request.
  Time since last request: 0.000027 seconds.
  path: Assets/SyntyStudios/PolygonStarter/Models/SM_PolygonPrototype_Prop_Target_03.fbx
  artifactKey: Guid(8332f017cfb13984196e491ffb1aaf3f) Importer(815301076,1909f56bfc062723c751e8b465ee728b)
Start importing Assets/SyntyStudios/PolygonStarter/Models/SM_PolygonPrototype_Prop_Target_03.fbx using Guid(8332f017cfb13984196e491ffb1aaf3f) Importer(815301076,1909f56bfc062723c751e8b465ee728b) [PhysX] Initialized MultithreadedTaskDispatcher with 20 workers.
[PhysX] Initialized MultithreadedTaskDispatcher with 20 workers.
[PhysX] Initialized MultithreadedTaskDispatcher with 20 workers.
 -> (artifact id: '932cbc84b639c06c5c2539815cc96ac5') in 0.012669 seconds
Number of updated asset objects reloaded before import = 0
Number of asset objects unloaded after import = 7
========================================================================
Received Import Request.
  Time since last request: 0.000024 seconds.
  path: Assets/SyntyStudios/PolygonStarter/Models/SM_Wep_Shield_04.fbx
  artifactKey: Guid(87eb24cd8b7c5b145a5b6e0a7a932dcd) Importer(815301076,1909f56bfc062723c751e8b465ee728b)
Start importing Assets/SyntyStudios/PolygonStarter/Models/SM_Wep_Shield_04.fbx using Guid(87eb24cd8b7c5b145a5b6e0a7a932dcd) Importer(815301076,1909f56bfc062723c751e8b465ee728b) [PhysX] Initialized MultithreadedTaskDispatcher with 20 workers.
[PhysX] Initialized MultithreadedTaskDispatcher with 20 workers.
[PhysX] Initialized MultithreadedTaskDispatcher with 20 workers.
 -> (artifact id: 'dfa1743e6565a59d0fd1462fc0d171c8') in 0.010767 seconds
Number of updated asset objects reloaded before import = 0
Number of asset objects unloaded after import = 7
========================================================================
Received Import Request.
  Time since last request: 0.000016 seconds.
  path: Assets/SyntyStudios/PolygonStarter/Models/SM_PolygonPrototype_Primitive_Sphere_01P.fbx
  artifactKey: Guid(d5e83122f8e5b6d4cae918de4ade20ed) Importer(815301076,1909f56bfc062723c751e8b465ee728b)
Start importing Assets/SyntyStudios/PolygonStarter/Models/SM_PolygonPrototype_Primitive_Sphere_01P.fbx using Guid(d5e83122f8e5b6d4cae918de4ade20ed) Importer(815301076,1909f56bfc062723c751e8b465ee728b) [PhysX] Initialized MultithreadedTaskDispatcher with 20 workers.
[PhysX] Initialized MultithreadedTaskDispatcher with 20 workers.
[PhysX] Initialized MultithreadedTaskDispatcher with 20 workers.
 -> (artifact id: 'e2b4e123ba1798afdd540126aee34855') in 0.009484 seconds
Number of updated asset objects reloaded before import = 0
Number of asset objects unloaded after import = 7
========================================================================
Received Import Request.
  Time since last request: 0.000017 seconds.
  path: Assets/SyntyStudios/PolygonStarter/Models/SM_Wep_Watergun_01.fbx
  artifactKey: Guid(e42a245ddc40f744994b4b96b407ec47) Importer(815301076,1909f56bfc062723c751e8b465ee728b)
Start importing Assets/SyntyStudios/PolygonStarter/Models/SM_Wep_Watergun_01.fbx using Guid(e42a245ddc40f744994b4b96b407ec47) Importer(815301076,1909f56bfc062723c751e8b465ee728b) [PhysX] Initialized MultithreadedTaskDispatcher with 20 workers.
[PhysX] Initialized MultithreadedTaskDispatcher with 20 workers.
[PhysX] Initialized MultithreadedTaskDispatcher with 20 workers.
[PhysX] Initialized MultithreadedTaskDispatcher with 20 workers.
[PhysX] Initialized MultithreadedTaskDispatcher with 20 workers.
[PhysX] Initialized MultithreadedTaskDispatcher with 20 workers.
[PhysX] Initialized MultithreadedTaskDispatcher with 20 workers.
[PhysX] Initialized MultithreadedTaskDispatcher with 20 workers.
[PhysX] Initialized MultithreadedTaskDispatcher with 20 workers.
 -> (artifact id: '4892eb8f89e3db6a333feef9a09b6fb7') in 0.031105 seconds
Number of updated asset objects reloaded before import = 0
Number of asset objects unloaded after import = 22
========================================================================
Received Import Request.
  Time since last request: 0.000020 seconds.
  path: Assets/SyntyStudios/PolygonStarter/Models/SM_Veh_Plane_Stunt_01.fbx
  artifactKey: Guid(89cfb46882e163d428cb9f3d79ae2393) Importer(815301076,1909f56bfc062723c751e8b465ee728b)
Start importing Assets/SyntyStudios/PolygonStarter/Models/SM_Veh_Plane_Stunt_01.fbx using Guid(89cfb46882e163d428cb9f3d79ae2393) Importer(815301076,1909f56bfc062723c751e8b465ee728b) [PhysX] Initialized MultithreadedTaskDispatcher with 20 workers.
[PhysX] Initialized MultithreadedTaskDispatcher with 20 workers.
[PhysX] Initialized MultithreadedTaskDispatcher with 20 workers.
[PhysX] Initialized MultithreadedTaskDispatcher with 20 workers.
[PhysX] Initialized MultithreadedTaskDispatcher with 20 workers.
[PhysX] Initialized MultithreadedTaskDispatcher with 20 workers.
[PhysX] Initialized MultithreadedTaskDispatcher with 20 workers.
[PhysX] Initialized MultithreadedTaskDispatcher with 20 workers.
[PhysX] Initialized MultithreadedTaskDispatcher with 20 workers.
[PhysX] Initialized MultithreadedTaskDispatcher with 20 workers.
[PhysX] Initialized MultithreadedTaskDispatcher with 20 workers.
[PhysX] Initialized MultithreadedTaskDispatcher with 20 workers.
[PhysX] Initialized MultithreadedTaskDispatcher with 20 workers.
[PhysX] Initialized MultithreadedTaskDispatcher with 20 workers.
[PhysX] Initialized MultithreadedTaskDispatcher with 20 workers.
[PhysX] Initialized MultithreadedTaskDispatcher with 20 workers.
[PhysX] Initialized MultithreadedTaskDispatcher with 20 workers.
[PhysX] Initialized MultithreadedTaskDispatcher with 20 workers.
[PhysX] Initialized MultithreadedTaskDispatcher with 20 workers.
[PhysX] Initialized MultithreadedTaskDispatcher with 20 workers.
[PhysX] Initialized MultithreadedTaskDispatcher with 20 workers.
[PhysX] Initialized MultithreadedTaskDispatcher with 20 workers.
[PhysX] Initialized MultithreadedTaskDispatcher with 20 workers.
[PhysX] Initialized MultithreadedTaskDispatcher with 20 workers.
[PhysX] Initialized MultithreadedTaskDispatcher with 20 workers.
[PhysX] Initialized MultithreadedTaskDispatcher with 20 workers.
[PhysX] Initialized MultithreadedTaskDispatcher with 20 workers.
 -> (artifact id: 'd60abc8a1222bd8d1fbbc25d3c4f7731') in 0.097265 seconds
Number of updated asset objects reloaded before import = 0
Number of asset objects unloaded after import = 67
========================================================================
Received Import Request.
  Time since last request: 0.000018 seconds.
  path: Assets/SyntyStudios/PolygonStarter/Models/SM_Generic_Ground_04.fbx
  artifactKey: Guid(059e0382b8bc85645b4bbd4b98bb90c0) Importer(815301076,1909f56bfc062723c751e8b465ee728b)
Start importing Assets/SyntyStudios/PolygonStarter/Models/SM_Generic_Ground_04.fbx using Guid(059e0382b8bc85645b4bbd4b98bb90c0) Importer(815301076,1909f56bfc062723c751e8b465ee728b) [PhysX] Initialized MultithreadedTaskDispatcher with 20 workers.
[PhysX] Initialized MultithreadedTaskDispatcher with 20 workers.
[PhysX] Initialized MultithreadedTaskDispatcher with 20 workers.
 -> (artifact id: 'a65fee3e48b05288eea66325386662eb') in 0.008999 seconds
Number of updated asset objects reloaded before import = 0
Number of asset objects unloaded after import = 7
========================================================================
Received Import Request.
  Time since last request: 0.000027 seconds.
  path: Assets/SyntyStudios/PolygonStarter/Models/SM_PolygonPrototype_Buildings_DoorFrame_01P.fbx
  artifactKey: Guid(7ce54f0ead747e44e8ca2778de346dd6) Importer(815301076,1909f56bfc062723c751e8b465ee728b)
Start importing Assets/SyntyStudios/PolygonStarter/Models/SM_PolygonPrototype_Buildings_DoorFrame_01P.fbx using Guid(7ce54f0ead747e44e8ca2778de346dd6) Importer(815301076,1909f56bfc062723c751e8b465ee728b) [PhysX] Initialized MultithreadedTaskDispatcher with 20 workers.
[PhysX] Initialized MultithreadedTaskDispatcher with 20 workers.
[PhysX] Initialized MultithreadedTaskDispatcher with 20 workers.
 -> (artifact id: 'cd396b28195f02eaa73b449e085bd065') in 0.008895 seconds
Number of updated asset objects reloaded before import = 0
Number of asset objects unloaded after import = 7
========================================================================
Received Import Request.
  Time since last request: 0.000017 seconds.
  path: Assets/SyntyStudios/PolygonStarter/Models/SM_Wep_Watergun_02.fbx
  artifactKey: Guid(27d85ed0b41b13e4b931011bd61b932b) Importer(815301076,1909f56bfc062723c751e8b465ee728b)
Start importing Assets/SyntyStudios/PolygonStarter/Models/SM_Wep_Watergun_02.fbx using Guid(27d85ed0b41b13e4b931011bd61b932b) Importer(815301076,1909f56bfc062723c751e8b465ee728b) [PhysX] Initialized MultithreadedTaskDispatcher with 20 workers.
[PhysX] Initialized MultithreadedTaskDispatcher with 20 workers.
[PhysX] Initialized MultithreadedTaskDispatcher with 20 workers.
[PhysX] Initialized MultithreadedTaskDispatcher with 20 workers.
[PhysX] Initialized MultithreadedTaskDispatcher with 20 workers.
[PhysX] Initialized MultithreadedTaskDispatcher with 20 workers.
[PhysX] Initialized MultithreadedTaskDispatcher with 20 workers.
[PhysX] Initialized MultithreadedTaskDispatcher with 20 workers.
[PhysX] Initialized MultithreadedTaskDispatcher with 20 workers.
 -> (artifact id: '9cb8c4f271ce2ef35a645e7602856cb0') in 0.028455 seconds
Number of updated asset objects reloaded before import = 0
Number of asset objects unloaded after import = 22
========================================================================
Received Import Request.
  Time since last request: 3.501540 seconds.
  path: Assets/SyntyStudios/PolygonAdventure/Materials/Characters_Brown.mat
  artifactKey: Guid(4d21dd5a8b5afa745bbd680f6e13697e) Importer(815301076,1909f56bfc062723c751e8b465ee728b)
Start importing Assets/SyntyStudios/PolygonAdventure/Materials/Characters_Brown.mat using Guid(4d21dd5a8b5afa745bbd680f6e13697e) Importer(815301076,1909f56bfc062723c751e8b465ee728b) [PhysX] Initialized MultithreadedTaskDispatcher with 20 workers.
[PhysX] Initialized MultithreadedTaskDispatcher with 20 workers.
 -> (artifact id: 'bdec1e3cb622f53d791a23e75cf09ebf') in 0.007079 seconds
Number of updated asset objects reloaded before import = 0
Number of asset objects unloaded after import = 2
========================================================================
Received Import Request.
  Time since last request: 0.000016 seconds.
  path: Assets/SyntyStudios/PolygonAdventure/Materials/PolyAdventureMaterial_Snow_01.mat
  artifactKey: Guid(fe202229726379c42adb32cce7658ce6) Importer(815301076,1909f56bfc062723c751e8b465ee728b)
Start importing Assets/SyntyStudios/PolygonAdventure/Materials/PolyAdventureMaterial_Snow_01.mat using Guid(fe202229726379c42adb32cce7658ce6) Importer(815301076,1909f56bfc062723c751e8b465ee728b) [PhysX] Initialized MultithreadedTaskDispatcher with 20 workers.
[PhysX] Initialized MultithreadedTaskDispatcher with 20 workers.
 -> (artifact id: '633c263683d47dbf8380f1f2512c30ce') in 0.007159 seconds
Number of updated asset objects reloaded before import = 0
Number of asset objects unloaded after import = 2
========================================================================
Received Import Request.
  Time since last request: 1.513012 seconds.
  path: Assets/SyntyStudios/PolygonAdventure/Models/SM_Bld_Fence_01_Snow.fbx
  artifactKey: Guid(9b5ae795ab2ed73419d0856d6be60ba7) Importer(815301076,1909f56bfc062723c751e8b465ee728b)
Start importing Assets/SyntyStudios/PolygonAdventure/Models/SM_Bld_Fence_01_Snow.fbx using Guid(9b5ae795ab2ed73419d0856d6be60ba7) Importer(815301076,1909f56bfc062723c751e8b465ee728b) [PhysX] Initialized MultithreadedTaskDispatcher with 20 workers.
[PhysX] Initialized MultithreadedTaskDispatcher with 20 workers.
[PhysX] Initialized MultithreadedTaskDispatcher with 20 workers.
 -> (artifact id: '734de6541227b3cb7a51f213c74d877d') in 0.012384 seconds
Number of updated asset objects reloaded before import = 0
Number of asset objects unloaded after import = 7
========================================================================
Received Import Request.
  Time since last request: 0.000016 seconds.
  path: Assets/SyntyStudios/PolygonAdventure/Models/SM_Bld_Wall_01.fbx
  artifactKey: Guid(66c4eae16ef0ca747959069d54e0ccc6) Importer(815301076,1909f56bfc062723c751e8b465ee728b)
Start importing Assets/SyntyStudios/PolygonAdventure/Models/SM_Bld_Wall_01.fbx using Guid(66c4eae16ef0ca747959069d54e0ccc6) Importer(815301076,1909f56bfc062723c751e8b465ee728b) [PhysX] Initialized MultithreadedTaskDispatcher with 20 workers.
[PhysX] Initialized MultithreadedTaskDispatcher with 20 workers.
[PhysX] Initialized MultithreadedTaskDispatcher with 20 workers.
 -> (artifact id: '8ab76ae04f0dc86ebb98904419981083') in 0.009899 seconds
Number of updated asset objects reloaded before import = 0
Number of asset objects unloaded after import = 7
========================================================================
Received Import Request.
  Time since last request: 0.000028 seconds.
  path: Assets/SyntyStudios/PolygonAdventure/Models/SM_Bld_Stall_Cover_03.fbx
  artifactKey: Guid(4a5db1b1b824abb4c8cd24812336de9b) Importer(815301076,1909f56bfc062723c751e8b465ee728b)
Start importing Assets/SyntyStudios/PolygonAdventure/Models/SM_Bld_Stall_Cover_03.fbx using Guid(4a5db1b1b824abb4c8cd24812336de9b) Importer(815301076,1909f56bfc062723c751e8b465ee728b) [PhysX] Initialized MultithreadedTaskDispatcher with 20 workers.
[PhysX] Initialized MultithreadedTaskDispatcher with 20 workers.
[PhysX] Initialized MultithreadedTaskDispatcher with 20 workers.
 -> (artifact id: '5eafea01b5731840d8963c1c43f27a21') in 0.009016 seconds
Number of updated asset objects reloaded before import = 0
Number of asset objects unloaded after import = 7
========================================================================
Received Import Request.
  Time since last request: 0.000019 seconds.
  path: Assets/SyntyStudios/PolygonAdventure/Models/SM_Env_GroundMounds_03.fbx
  artifactKey: Guid(017070c20c509184d8e7d65e1c241fa5) Importer(815301076,1909f56bfc062723c751e8b465ee728b)
Start importing Assets/SyntyStudios/PolygonAdventure/Models/SM_Env_GroundMounds_03.fbx using Guid(017070c20c509184d8e7d65e1c241fa5) Importer(815301076,1909f56bfc062723c751e8b465ee728b) [PhysX] Initialized MultithreadedTaskDispatcher with 20 workers.
[PhysX] Initialized MultithreadedTaskDispatcher with 20 workers.
[PhysX] Initialized MultithreadedTaskDispatcher with 20 workers.
 -> (artifact id: '421d58d96fc8a501e7bd56d2fd01abf2') in 0.009645 seconds
Number of updated asset objects reloaded before import = 0
Number of asset objects unloaded after import = 7
========================================================================
Received Import Request.
  Time since last request: 0.000025 seconds.
  path: Assets/SyntyStudios/PolygonAdventure/Models/SM_Env_Cloud_02.fbx
  artifactKey: Guid(3aac3f82118b50c4ea6dcc351cefd7d7) Importer(815301076,1909f56bfc062723c751e8b465ee728b)
Start importing Assets/SyntyStudios/PolygonAdventure/Models/SM_Env_Cloud_02.fbx using Guid(3aac3f82118b50c4ea6dcc351cefd7d7) Importer(815301076,1909f56bfc062723c751e8b465ee728b) [PhysX] Initialized MultithreadedTaskDispatcher with 20 workers.
[PhysX] Initialized MultithreadedTaskDispatcher with 20 workers.
[PhysX] Initialized MultithreadedTaskDispatcher with 20 workers.
 -> (artifact id: '39f999f4cf5fe86deef9c8c75bd3d129') in 0.009116 seconds
Number of updated asset objects reloaded before import = 0
Number of asset objects unloaded after import = 7
========================================================================
Received Import Request.
  Time since last request: 0.000014 seconds.
  path: Assets/SyntyStudios/PolygonAdventure/Models/SM_Env_Bush_02.fbx
  artifactKey: Guid(a599097b595405a4fbbee5e0b3eecd54) Importer(815301076,1909f56bfc062723c751e8b465ee728b)
Start importing Assets/SyntyStudios/PolygonAdventure/Models/SM_Env_Bush_02.fbx using Guid(a599097b595405a4fbbee5e0b3eecd54) Importer(815301076,1909f56bfc062723c751e8b465ee728b) [PhysX] Initialized MultithreadedTaskDispatcher with 20 workers.
[PhysX] Initialized MultithreadedTaskDispatcher with 20 workers.
[PhysX] Initialized MultithreadedTaskDispatcher with 20 workers.
 -> (artifact id: '418a75156b2b517323b0cbd7d7142fd8') in 0.009219 seconds
Number of updated asset objects reloaded before import = 0
Number of asset objects unloaded after import = 7
========================================================================
Received Import Request.
  Time since last request: 0.000013 seconds.
  path: Assets/SyntyStudios/PolygonAdventure/Models/SM_Env_Hill_04.fbx
  artifactKey: Guid(3c0cabc1b91ca2147b72e88766254f39) Importer(815301076,1909f56bfc062723c751e8b465ee728b)
Start importing Assets/SyntyStudios/PolygonAdventure/Models/SM_Env_Hill_04.fbx using Guid(3c0cabc1b91ca2147b72e88766254f39) Importer(815301076,1909f56bfc062723c751e8b465ee728b) [PhysX] Initialized MultithreadedTaskDispatcher with 20 workers.
[PhysX] Initialized MultithreadedTaskDispatcher with 20 workers.
[PhysX] Initialized MultithreadedTaskDispatcher with 20 workers.
 -> (artifact id: '9e1ef5293081abad9604cd12d4ac139f') in 0.010114 seconds
Number of updated asset objects reloaded before import = 0
Number of asset objects unloaded after import = 7
========================================================================
Received Import Request.
  Time since last request: 0.000032 seconds.
  path: Assets/SyntyStudios/PolygonAdventure/Models/SM_Env_FloorTile_05.fbx
  artifactKey: Guid(57866f6a7e7c90341bd0cf0d03e1831a) Importer(815301076,1909f56bfc062723c751e8b465ee728b)
Start importing Assets/SyntyStudios/PolygonAdventure/Models/SM_Env_FloorTile_05.fbx using Guid(57866f6a7e7c90341bd0cf0d03e1831a) Importer(815301076,1909f56bfc062723c751e8b465ee728b) [PhysX] Initialized MultithreadedTaskDispatcher with 20 workers.
[PhysX] Initialized MultithreadedTaskDispatcher with 20 workers.
[PhysX] Initialized MultithreadedTaskDispatcher with 20 workers.
 -> (artifact id: 'd2c28b7cfa4a8a14d1a86e73c413cbce') in 0.009534 seconds
Number of updated asset objects reloaded before import = 0
Number of asset objects unloaded after import = 7
========================================================================
Received Import Request.
  Time since last request: 0.000015 seconds.
  path: Assets/SyntyStudios/PolygonAdventure/Models/SM_Bld_Hut_01.fbx
  artifactKey: Guid(5a3cf3a6a3e684146ad267888009b1aa) Importer(815301076,1909f56bfc062723c751e8b465ee728b)
Start importing Assets/SyntyStudios/PolygonAdventure/Models/SM_Bld_Hut_01.fbx using Guid(5a3cf3a6a3e684146ad267888009b1aa) Importer(815301076,1909f56bfc062723c751e8b465ee728b) [PhysX] Initialized MultithreadedTaskDispatcher with 20 workers.
[PhysX] Initialized MultithreadedTaskDispatcher with 20 workers.
[PhysX] Initialized MultithreadedTaskDispatcher with 20 workers.
 -> (artifact id: 'e2fbcf707e47b3fd373a79c4e07fc8b0') in 0.011034 seconds
Number of updated asset objects reloaded before import = 0
Number of asset objects unloaded after import = 7
========================================================================
Received Import Request.
  Time since last request: 0.000013 seconds.
  path: Assets/SyntyStudios/PolygonAdventure/Models/SM_Bld_Stall_01.fbx
  artifactKey: Guid(2cf7dbd94e081b542a7b9b8dc131404d) Importer(815301076,1909f56bfc062723c751e8b465ee728b)
Start importing Assets/SyntyStudios/PolygonAdventure/Models/SM_Bld_Stall_01.fbx using Guid(2cf7dbd94e081b542a7b9b8dc131404d) Importer(815301076,1909f56bfc062723c751e8b465ee728b) [PhysX] Initialized MultithreadedTaskDispatcher with 20 workers.
[PhysX] Initialized MultithreadedTaskDispatcher with 20 workers.
[PhysX] Initialized MultithreadedTaskDispatcher with 20 workers.
 -> (artifact id: '8246ea07c6c35b0a5ef4e8584f3654d8') in 0.011879 seconds
Number of updated asset objects reloaded before import = 0
Number of asset objects unloaded after import = 7
========================================================================
Received Import Request.
  Time since last request: 0.000013 seconds.
  path: Assets/SyntyStudios/PolygonAdventure/Models/SM_Env_FloorTile_04.fbx
  artifactKey: Guid(912e29ff89e57d44585a90ef149c2530) Importer(815301076,1909f56bfc062723c751e8b465ee728b)
Start importing Assets/SyntyStudios/PolygonAdventure/Models/SM_Env_FloorTile_04.fbx using Guid(912e29ff89e57d44585a90ef149c2530) Importer(815301076,1909f56bfc062723c751e8b465ee728b) [PhysX] Initialized MultithreadedTaskDispatcher with 20 workers.
[PhysX] Initialized MultithreadedTaskDispatcher with 20 workers.
[PhysX] Initialized MultithreadedTaskDispatcher with 20 workers.
 -> (artifact id: '0afe84b83d948bd376c6817212b9d7ce') in 0.010104 seconds
Number of updated asset objects reloaded before import = 0
Number of asset objects unloaded after import = 7
========================================================================
Received Import Request.
  Time since last request: 0.000016 seconds.
  path: Assets/SyntyStudios/PolygonAdventure/Models/SM_Env_GroundMounds_02.fbx
  artifactKey: Guid(423c4c0e14dc7c44296e30945f1061c2) Importer(815301076,1909f56bfc062723c751e8b465ee728b)
Start importing Assets/SyntyStudios/PolygonAdventure/Models/SM_Env_GroundMounds_02.fbx using Guid(423c4c0e14dc7c44296e30945f1061c2) Importer(815301076,1909f56bfc062723c751e8b465ee728b) [PhysX] Initialized MultithreadedTaskDispatcher with 20 workers.
[PhysX] Initialized MultithreadedTaskDispatcher with 20 workers.
[PhysX] Initialized MultithreadedTaskDispatcher with 20 workers.
 -> (artifact id: 'c52ea3997ec85a2369124b955a4ae0b5') in 0.009686 seconds
Number of updated asset objects reloaded before import = 0
Number of asset objects unloaded after import = 7
========================================================================
Received Import Request.
  Time since last request: 0.000026 seconds.
  path: Assets/SyntyStudios/PolygonAdventure/Models/SM_Env_Flower_06.fbx
  artifactKey: Guid(7e11692f5b422f74e80b8e733f57ed06) Importer(815301076,1909f56bfc062723c751e8b465ee728b)
Start importing Assets/SyntyStudios/PolygonAdventure/Models/SM_Env_Flower_06.fbx using Guid(7e11692f5b422f74e80b8e733f57ed06) Importer(815301076,1909f56bfc062723c751e8b465ee728b) [PhysX] Initialized MultithreadedTaskDispatcher with 20 workers.
[PhysX] Initialized MultithreadedTaskDispatcher with 20 workers.
[PhysX] Initialized MultithreadedTaskDispatcher with 20 workers.
 -> (artifact id: 'd3456b7bfa332c25086055c6bb2df83f') in 0.012104 seconds
Number of updated asset objects reloaded before import = 0
Number of asset objects unloaded after import = 7
========================================================================
Received Import Request.
  Time since last request: 0.000017 seconds.
  path: Assets/SyntyStudios/PolygonAdventure/Models/SM_Env_Lillypads_01.fbx
  artifactKey: Guid(63cf456545debdb4a86c29bb535b9ca3) Importer(815301076,1909f56bfc062723c751e8b465ee728b)
Start importing Assets/SyntyStudios/PolygonAdventure/Models/SM_Env_Lillypads_01.fbx using Guid(63cf456545debdb4a86c29bb535b9ca3) Importer(815301076,1909f56bfc062723c751e8b465ee728b) [PhysX] Initialized MultithreadedTaskDispatcher with 20 workers.
[PhysX] Initialized MultithreadedTaskDispatcher with 20 workers.
[PhysX] Initialized MultithreadedTaskDispatcher with 20 workers.
 -> (artifact id: '95359f56a67c462257251cdb1e025ab2') in 0.010243 seconds
Number of updated asset objects reloaded before import = 0
Number of asset objects unloaded after import = 7
========================================================================
Received Import Request.
  Time since last request: 0.000022 seconds.
  path: Assets/SyntyStudios/PolygonAdventure/Models/SM_Env_Flower_05.fbx
  artifactKey: Guid(d15017d5b13131648adba8fa91367264) Importer(815301076,1909f56bfc062723c751e8b465ee728b)
Start importing Assets/SyntyStudios/PolygonAdventure/Models/SM_Env_Flower_05.fbx using Guid(d15017d5b13131648adba8fa91367264) Importer(815301076,1909f56bfc062723c751e8b465ee728b) [PhysX] Initialized MultithreadedTaskDispatcher with 20 workers.
[PhysX] Initialized MultithreadedTaskDispatcher with 20 workers.
[PhysX] Initialized MultithreadedTaskDispatcher with 20 workers.
 -> (artifact id: '7cd849f17d1653189e7ea26cd5aeb0dd') in 0.009672 seconds
Number of updated asset objects reloaded before import = 0
Number of asset objects unloaded after import = 7
========================================================================
Received Import Request.
  Time since last request: 0.000023 seconds.
  path: Assets/SyntyStudios/PolygonAdventure/Models/SM_Env_Flower_07.fbx
  artifactKey: Guid(9bae9f8720ec40445be911303b4cb908) Importer(815301076,1909f56bfc062723c751e8b465ee728b)
Start importing Assets/SyntyStudios/PolygonAdventure/Models/SM_Env_Flower_07.fbx using Guid(9bae9f8720ec40445be911303b4cb908) Importer(815301076,1909f56bfc062723c751e8b465ee728b) [PhysX] Initialized MultithreadedTaskDispatcher with 20 workers.
[PhysX] Initialized MultithreadedTaskDispatcher with 20 workers.
[PhysX] Initialized MultithreadedTaskDispatcher with 20 workers.
 -> (artifact id: 'a047163260ca0e733b72ca61a7d8a202') in 0.010488 seconds
Number of updated asset objects reloaded before import = 0
Number of asset objects unloaded after import = 7
========================================================================
Received Import Request.
  Time since last request: 0.000016 seconds.
  path: Assets/SyntyStudios/PolygonAdventure/Models/SM_Env_FloorTile_07.fbx
  artifactKey: Guid(9923557363436f84bbbd56d095f0185f) Importer(815301076,1909f56bfc062723c751e8b465ee728b)
Start importing Assets/SyntyStudios/PolygonAdventure/Models/SM_Env_FloorTile_07.fbx using Guid(9923557363436f84bbbd56d095f0185f) Importer(815301076,1909f56bfc062723c751e8b465ee728b) [PhysX] Initialized MultithreadedTaskDispatcher with 20 workers.
[PhysX] Initialized MultithreadedTaskDispatcher with 20 workers.
[PhysX] Initialized MultithreadedTaskDispatcher with 20 workers.
 -> (artifact id: '559e8d3c838d3b6a48bddb90c6edfd26') in 0.008179 seconds
Number of updated asset objects reloaded before import = 0
Number of asset objects unloaded after import = 7
========================================================================
Received Import Request.
  Time since last request: 0.000022 seconds.
  path: Assets/SyntyStudios/PolygonAdventure/Models/SM_Env_GroundMounds_11.fbx
  artifactKey: Guid(c19f5b59d166ff84d8613a52e09491a2) Importer(815301076,1909f56bfc062723c751e8b465ee728b)
Start importing Assets/SyntyStudios/PolygonAdventure/Models/SM_Env_GroundMounds_11.fbx using Guid(c19f5b59d166ff84d8613a52e09491a2) Importer(815301076,1909f56bfc062723c751e8b465ee728b) [PhysX] Initialized MultithreadedTaskDispatcher with 20 workers.
[PhysX] Initialized MultithreadedTaskDispatcher with 20 workers.
[PhysX] Initialized MultithreadedTaskDispatcher with 20 workers.
 -> (artifact id: '73bc65ee4f0617df31949c8128f7533f') in 0.008764 seconds
Number of updated asset objects reloaded before import = 0
Number of asset objects unloaded after import = 7
========================================================================
Received Import Request.
  Time since last request: 0.000012 seconds.
  path: Assets/SyntyStudios/PolygonAdventure/Models/SM_Env_GroundMounds_07.fbx
  artifactKey: Guid(c3183f22ecf106849adab9884a80de22) Importer(815301076,1909f56bfc062723c751e8b465ee728b)
Start importing Assets/SyntyStudios/PolygonAdventure/Models/SM_Env_GroundMounds_07.fbx using Guid(c3183f22ecf106849adab9884a80de22) Importer(815301076,1909f56bfc062723c751e8b465ee728b) [PhysX] Initialized MultithreadedTaskDispatcher with 20 workers.
[PhysX] Initialized MultithreadedTaskDispatcher with 20 workers.
[PhysX] Initialized MultithreadedTaskDispatcher with 20 workers.
 -> (artifact id: '1301ebf71f71e93ac9eb0de0dd44e1c5') in 0.010403 seconds
Number of updated asset objects reloaded before import = 0
Number of asset objects unloaded after import = 7
========================================================================
Received Import Request.
  Time since last request: 0.000020 seconds.
  path: Assets/SyntyStudios/PolygonAdventure/Models/SM_Bld_Wall_02.fbx
  artifactKey: Guid(b3e84e6f22ccf2b4b830722f08c9db91) Importer(815301076,1909f56bfc062723c751e8b465ee728b)
Start importing Assets/SyntyStudios/PolygonAdventure/Models/SM_Bld_Wall_02.fbx using Guid(b3e84e6f22ccf2b4b830722f08c9db91) Importer(815301076,1909f56bfc062723c751e8b465ee728b) [PhysX] Initialized MultithreadedTaskDispatcher with 20 workers.
[PhysX] Initialized MultithreadedTaskDispatcher with 20 workers.
[PhysX] Initialized MultithreadedTaskDispatcher with 20 workers.
 -> (artifact id: '3cc229e63f06039a2cf68d969cc0b197') in 0.009943 seconds
Number of updated asset objects reloaded before import = 0
Number of asset objects unloaded after import = 7
========================================================================
Received Import Request.
  Time since last request: 2.708566 seconds.
  path: Assets/SyntyStudios/PolygonAdventure/Textures/Characters_Brown.png
  artifactKey: Guid(9783d6c3e21d186478e2a4424271ac8e) Importer(815301076,1909f56bfc062723c751e8b465ee728b)
Start importing Assets/SyntyStudios/PolygonAdventure/Textures/Characters_Brown.png using Guid(9783d6c3e21d186478e2a4424271ac8e) Importer(815301076,1909f56bfc062723c751e8b465ee728b) [PhysX] Initialized MultithreadedTaskDispatcher with 20 workers.
[PhysX] Initialized MultithreadedTaskDispatcher with 20 workers.
 -> (artifact id: '2f455c18823c47a6b3371b27b8520fac') in 0.009622 seconds
Number of updated asset objects reloaded before import = 0
Number of asset objects unloaded after import = 2
========================================================================
Received Import Request.
  Time since last request: 0.000013 seconds.
  path: Assets/SyntyStudios/PolygonAdventure/Textures/PolyAdventureTexture_Dark_02.png
  artifactKey: Guid(c25f7aa77c9e3144ca364eaca83f2621) Importer(815301076,1909f56bfc062723c751e8b465ee728b)
Start importing Assets/SyntyStudios/PolygonAdventure/Textures/PolyAdventureTexture_Dark_02.png using Guid(c25f7aa77c9e3144ca364eaca83f2621) Importer(815301076,1909f56bfc062723c751e8b465ee728b) [PhysX] Initialized MultithreadedTaskDispatcher with 20 workers.
[PhysX] Initialized MultithreadedTaskDispatcher with 20 workers.
 -> (artifact id: '30497e6f3af016bc658ed946926f08af') in 0.005947 seconds
Number of updated asset objects reloaded before import = 0
Number of asset objects unloaded after import = 2
========================================================================
Received Import Request.
  Time since last request: 47.637510 seconds.
  path: Assets/SciFi Warehouse Kit/Prefabs/Props/Crates Barrels Pallets/Crate Long.prefab
  artifactKey: Guid(e2fdcaac11701fe438724a8a8b3a76c5) Importer(815301076,1909f56bfc062723c751e8b465ee728b)
Start importing Assets/SciFi Warehouse Kit/Prefabs/Props/Crates Barrels Pallets/Crate Long.prefab using Guid(e2fdcaac11701fe438724a8a8b3a76c5) Importer(815301076,1909f56bfc062723c751e8b465ee728b) [PhysX] Initialized MultithreadedTaskDispatcher with 20 workers.
[PhysX] Initialized MultithreadedTaskDispatcher with 20 workers.
 -> (artifact id: 'db19c8f09c10da350aff1572e068c769') in 0.024016 seconds
Number of updated asset objects reloaded before import = 0
Number of asset objects unloaded after import = 11
Editor requested this worker to shutdown with reason: Scaling down because of idle timeout
TcpMessagingSession - receive error: operation aborted. errorcode: 995, details: The I/O operation has been aborted because of either a thread exit or an application request.
AssetImportWorker is now disconnected from the server
Process exiting
Exiting without the bug reporter. Application will terminate with return code 0